info: Downloading blst library...
warning: profiles for the non root package will be ignored, specify profiles at the workspace root:
package:   /Users/williamcory/guillotine-0/src/compilers/Cargo.toml
workspace: /Users/williamcory/guillotine-0/Cargo.toml
warning: profiles for the non root package will be ignored, specify profiles at the workspace root:
package:   /Users/williamcory/guillotine-0/src/revm_wrapper/Cargo.toml
workspace: /Users/williamcory/guillotine-0/Cargo.toml
warning: /Users/williamcory/guillotine-0/src/revm_wrapper/Cargo.toml: `panic` setting is ignored for `bench` profile
       Fresh unicode-ident v1.0.18
       Fresh autocfg v1.5.0
       Fresh version_check v0.9.5
       Fresh rand_core v0.6.4
       Fresh either v1.15.0
       Fresh arrayvec v0.7.6
       Fresh once_cell v1.21.3
       Fresh cfg-if v1.0.1
       Fresh allocator-api2 v0.2.21
       Fresh proc-macro2 v1.0.95
       Fresh itertools v0.13.0
       Fresh hashbrown v0.15.4
       Fresh quote v1.0.40
       Fresh zerocopy v0.8.26
       Fresh typenum v1.18.0
       Fresh paste v1.0.15
       Fresh syn v2.0.104
       Fresh ppv-lite86 v0.2.21
       Fresh num-traits v0.2.19
       Fresh generic-array v0.14.7
       Fresh ahash v0.8.12
       Fresh rand_chacha v0.3.1
       Fresh crypto-common v0.1.6
       Fresh enum-ordinalize-derive v4.3.1
       Fresh num-integer v0.1.46
       Fresh ark-serialize-derive v0.5.0
       Fresh zeroize_derive v1.4.2
       Fresh ark-ff-asm v0.5.0
       Fresh rand v0.8.5
       Fresh enum-ordinalize v4.3.0
       Fresh digest v0.10.7
       Fresh num-bigint v0.4.6
       Fresh zeroize v1.8.1
       Fresh ark-std v0.5.0
       Fresh educe v0.6.0
       Fresh ark-ff-macros v0.5.0
       Fresh ark-serialize v0.5.0
       Fresh ark-ff v0.5.0
       Fresh ark-poly v0.5.0
       Fresh ark-ec v0.5.0
       Fresh ark-bn254 v0.5.0
       Fresh bn254_wrapper v0.1.0 (/Users/williamcory/guillotine-0/src/bn254_wrapper)
    Finished `dev` profile [unoptimized + debuginfo] target(s) in 0.04s
  % Total    % Received % Xferd  Average Speed   Time    Time     Time  Current
                                 Dload  Upload   Total   Spent    Left  Speed
  0     0    0     0    0     0      0      0 --:--:-- --:--:-- --:--:--     0  0     0    0     0    0     0      0      0 --:--:-- --:--:-- --:--:--     0
  0  583k    0   651    0     0   1294      0  0:07:41 --:--:--  0:07:41  1294100  583k  100  583k    0     0   864k      0 --:--:-- --:--:-- --:--:-- 3406k
test-erc20-debug
+- run erc20-mint-debug-test 1/2 passed, 1 failed
error: 'erc20_mint_debug_test.test.debug: erc20.mint with full logging' failed: [default] (debug): === Starting ERC20 mint test with full debug logging ===
[default] (debug): Bytecode length: 2783
[default] (debug): Calldata: { 30, 62, 7b, 7c }
[default] (debug): [EVM] Evm.init: Initializing EVM with configuration
[default] (debug): [EVM] EvmState.init: Initializing EVM state with database interface
[default] (debug): [EVM] EvmState.init: EVM state initialization complete
[default] (debug): [EVM] Evm.init: EVM initialization complete
[default] (debug): [EVM] EvmState.set_balance: addr=1000000000000000000000000000000000000001, balance=115792089237316195423570985008687907853269984665640564039457584007913129639935
[default] (debug): === DEPLOYING CONTRACT ===
[default] (debug): [EVM] EvmState.get_nonce: addr=1000000000000000000000000000000000000001, nonce=0
[default] (debug): [EVM] EvmState.increment_nonce: addr=1000000000000000000000000000000000000001, old_nonce=0, new_nonce=1
[default] (debug): [EVM] EvmState.set_nonce: addr=1000000000000000000000000000000000000001, nonce=1
[default] (debug): [EVM] VM.create_contract_internal: Creating contract from { 16, 0, 0, 0, 0, 0, 0, 0, 0, 0, 0, 0, 0, 0, 0, 0, 0, 0, 0, 1 } to { 93, 221, 252, 229, 62, 224, 64, 217, 235, 33, 175, 188, 10, 225, 187, 77, 187, 11, 166, 67 }, value=0, gas=1000000000
[default] (debug): [EVM] EvmState.get_code: addr=5dddfce53ee040d9eb21afbc0ae1bb4dbb0ba643, code_len=0 (non-existent account)
[default] (debug): [EVM] EvmState.get_balance: addr=1000000000000000000000000000000000000001, balance=115792089237316195423570985008687907853269984665640564039457584007913129639935
[default] (debug): [EVM] create_contract_internal: Executing init code, size: 2783
[default] (debug): [EVM] VM.interpret: Starting execution, depth=0, gas=1000000000, static=false, code_size=2783, input_size=0
[default] (debug): [EVM] JumpTable.execute: Executing opcode 0x60 at pc=0, gas=1000000000, stack_size=0
[default] (debug): [EVM] StackValidation.validate_stack_requirements: Validating stack, size=0, min_required=0, max_allowed=1023
[default] (debug): [EVM] StackValidation.validate_stack_requirements: Validation passed
[default] (debug): [EVM] JumpTable.execute: Consuming 3 gas for opcode 0x60
[default] (debug): [EVM] JumpTable.execute: Opcode 0x60 completed, gas_remaining=999999997
[default] (debug): [EVM] JumpTable.execute: Executing opcode 0x60 at pc=2, gas=999999997, stack_size=1
[default] (debug): [EVM] StackValidation.validate_stack_requirements: Validating stack, size=1, min_required=0, max_allowed=1023
[default] (debug): [EVM] StackValidation.validate_stack_requirements: Validation passed
[default] (debug): [EVM] JumpTable.execute: Consuming 3 gas for opcode 0x60
[default] (debug): [EVM] JumpTable.execute: Opcode 0x60 completed, gas_remaining=999999994
[default] (debug): [EVM] JumpTable.execute: Executing opcode 0x52 at pc=4, gas=999999994, stack_size=2
[default] (debug): [EVM] StackValidation.validate_stack_requirements: Validating stack, size=2, min_required=2, max_allowed=1024
[default] (debug): [EVM] StackValidation.validate_stack_requirements: Validation passed
[default] (debug): [EVM] JumpTable.execute: Consuming 3 gas for opcode 0x52
[default] (debug): [EVM] Memory.ensure_context_capacity: Ensuring capacity, min_context_size=96, required_total_len=96, memory_limit=33554432
[default] (debug): [EVM] Memory.ensure_context_capacity: Expanding buffer from 0 to 96 bytes
[default] (debug): [EVM] Memory.ensure_context_capacity: Expansion complete, old_words=0, new_words=3, words_added=3
[default] (debug): [EVM] Memory.ensure_context_capacity: Ensuring capacity, min_context_size=96, required_total_len=96, memory_limit=33554432
[default] (debug): [EVM] Memory.ensure_context_capacity: Buffer already large enough, no expansion needed
[default] (debug): [EVM] JumpTable.execute: Opcode 0x52 completed, gas_remaining=999999982
[default] (debug): [EVM] JumpTable.execute: Executing opcode 0x34 at pc=5, gas=999999982, stack_size=0
[default] (debug): [EVM] StackValidation.validate_stack_requirements: Validating stack, size=0, min_required=0, max_allowed=1023
[default] (debug): [EVM] StackValidation.validate_stack_requirements: Validation passed
[default] (debug): [EVM] JumpTable.execute: Consuming 2 gas for opcode 0x34
[default] (debug): [EVM] JumpTable.execute: Opcode 0x34 completed, gas_remaining=999999980
[default] (debug): [EVM] JumpTable.execute: Executing opcode 0x80 at pc=6, gas=999999980, stack_size=1
[default] (debug): [EVM] StackValidation.validate_stack_requirements: Validating stack, size=1, min_required=1, max_allowed=1023
[default] (debug): [EVM] StackValidation.validate_stack_requirements: Validation passed
[default] (debug): [EVM] JumpTable.execute: Consuming 3 gas for opcode 0x80
[default] (debug): [EVM] StackValidation.validateStackRequirements: Comptime validation passed, validating runtime stack_size=1, inputs=0, outputs=1
[default] (debug): [EVM] StackValidation.validateStackRequirements: Runtime validation passed, new_size=2
[default] (debug): [EVM] JumpTable.execute: Opcode 0x80 completed, gas_remaining=999999977
[default] (debug): [EVM] JumpTable.execute: Executing opcode 0x15 at pc=7, gas=999999977, stack_size=2
[default] (debug): [EVM] StackValidation.validate_stack_requirements: Validating stack, size=2, min_required=1, max_allowed=1024
[default] (debug): [EVM] StackValidation.validate_stack_requirements: Validation passed
[default] (debug): [EVM] JumpTable.execute: Consuming 3 gas for opcode 0x15
[default] (debug): [EVM] JumpTable.execute: Opcode 0x15 completed, gas_remaining=999999974
[default] (debug): [EVM] JumpTable.execute: Executing opcode 0x61 at pc=8, gas=999999974, stack_size=2
[default] (debug): [EVM] StackValidation.validate_stack_requirements: Validating stack, size=2, min_required=0, max_allowed=1023
[default] (debug): [EVM] StackValidation.validate_stack_requirements: Validation passed
[default] (debug): [EVM] JumpTable.execute: Consuming 3 gas for opcode 0x61
[default] (debug): [EVM] JumpTable.execute: Opcode 0x61 completed, gas_remaining=999999971
[default] (debug): [EVM] JumpTable.execute: Executing opcode 0x57 at pc=11, gas=999999971, stack_size=3
[default] (debug): [EVM] StackValidation.validate_stack_requirements: Validating stack, size=3, min_required=2, max_allowed=1024
[default] (debug): [EVM] StackValidation.validate_stack_requirements: Validation passed
[default] (debug): [EVM] JumpTable.execute: Consuming 10 gas for opcode 0x57
[default] (debug): [EVM] JumpTable.execute: Opcode 0x57 completed, gas_remaining=999999961
[default] (debug): [EVM] JumpTable.execute: Executing opcode 0x5b at pc=15, gas=999999961, stack_size=1
[default] (debug): [EVM] StackValidation.validate_stack_requirements: Validating stack, size=1, min_required=0, max_allowed=1024
[default] (debug): [EVM] StackValidation.validate_stack_requirements: Validation passed
[default] (debug): [EVM] JumpTable.execute: Consuming 1 gas for opcode 0x5b
[default] (debug): [EVM] JumpTable.execute: Opcode 0x5b completed, gas_remaining=999999960
[default] (debug): [EVM] JumpTable.execute: Executing opcode 0x50 at pc=16, gas=999999960, stack_size=1
[default] (debug): [EVM] StackValidation.validate_stack_requirements: Validating stack, size=1, min_required=1, max_allowed=1024
[default] (debug): [EVM] StackValidation.validate_stack_requirements: Validation passed
[default] (debug): [EVM] JumpTable.execute: Consuming 2 gas for opcode 0x50
[default] (debug): [EVM] JumpTable.execute: Opcode 0x50 completed, gas_remaining=999999958
[default] (debug): [EVM] JumpTable.execute: Executing opcode 0x60 at pc=17, gas=999999958, stack_size=0
[default] (debug): [EVM] StackValidation.validate_stack_requirements: Validating stack, size=0, min_required=0, max_allowed=1023
[default] (debug): [EVM] StackValidation.validate_stack_requirements: Validation passed
[default] (debug): [EVM] JumpTable.execute: Consuming 3 gas for opcode 0x60
[default] (debug): [EVM] JumpTable.execute: Opcode 0x60 completed, gas_remaining=999999955
[default] (debug): [EVM] JumpTable.execute: Executing opcode 0x51 at pc=19, gas=999999955, stack_size=1
[default] (debug): [EVM] StackValidation.validate_stack_requirements: Validating stack, size=1, min_required=1, max_allowed=1024
[default] (debug): [EVM] StackValidation.validate_stack_requirements: Validation passed
[default] (debug): [EVM] JumpTable.execute: Consuming 3 gas for opcode 0x51
[default] (debug): [EVM] Memory.ensure_context_capacity: Ensuring capacity, min_context_size=96, required_total_len=96, memory_limit=33554432
[default] (debug): [EVM] Memory.ensure_context_capacity: Buffer already large enough, no expansion needed
[default] (debug): [EVM] JumpTable.execute: Opcode 0x51 completed, gas_remaining=999999952
[default] (debug): [EVM] JumpTable.execute: Executing opcode 0x80 at pc=20, gas=999999952, stack_size=1
[default] (debug): [EVM] StackValidation.validate_stack_requirements: Validating stack, size=1, min_required=1, max_allowed=1023
[default] (debug): [EVM] StackValidation.validate_stack_requirements: Validation passed
[default] (debug): [EVM] JumpTable.execute: Consuming 3 gas for opcode 0x80
[default] (debug): [EVM] StackValidation.validateStackRequirements: Comptime validation passed, validating runtime stack_size=1, inputs=0, outputs=1
[default] (debug): [EVM] StackValidation.validateStackRequirements: Runtime validation passed, new_size=2
[default] (debug): [EVM] JumpTable.execute: Opcode 0x80 completed, gas_remaining=999999949
[default] (debug): [EVM] JumpTable.execute: Executing opcode 0x60 at pc=21, gas=999999949, stack_size=2
[default] (debug): [EVM] StackValidation.validate_stack_requirements: Validating stack, size=2, min_required=0, max_allowed=1023
[default] (debug): [EVM] StackValidation.validate_stack_requirements: Validation passed
[default] (debug): [EVM] JumpTable.execute: Consuming 3 gas for opcode 0x60
[default] (debug): [EVM] JumpTable.execute: Opcode 0x60 completed, gas_remaining=999999946
[default] (debug): [EVM] JumpTable.execute: Executing opcode 0x01 at pc=23, gas=999999946, stack_size=3
[default] (debug): [EVM] StackValidation.validate_stack_requirements: Validating stack, size=3, min_required=2, max_allowed=1024
[default] (debug): [EVM] StackValidation.validate_stack_requirements: Validation passed
[default] (debug): [EVM] JumpTable.execute: Consuming 3 gas for opcode 0x01
[default] (debug): [EVM] JumpTable.execute: Opcode 0x01 completed, gas_remaining=999999943
[default] (debug): [EVM] JumpTable.execute: Executing opcode 0x60 at pc=24, gas=999999943, stack_size=2
[default] (debug): [EVM] StackValidation.validate_stack_requirements: Validating stack, size=2, min_required=0, max_allowed=1023
[default] (debug): [EVM] StackValidation.validate_stack_requirements: Validation passed
[default] (debug): [EVM] JumpTable.execute: Consuming 3 gas for opcode 0x60
[default] (debug): [EVM] JumpTable.execute: Opcode 0x60 completed, gas_remaining=999999940
[default] (debug): [EVM] JumpTable.execute: Executing opcode 0x52 at pc=26, gas=999999940, stack_size=3
[default] (debug): [EVM] StackValidation.validate_stack_requirements: Validating stack, size=3, min_required=2, max_allowed=1024
[default] (debug): [EVM] StackValidation.validate_stack_requirements: Validation passed
[default] (debug): [EVM] JumpTable.execute: Consuming 3 gas for opcode 0x52
[default] (debug): [EVM] Memory.ensure_context_capacity: Ensuring capacity, min_context_size=96, required_total_len=96, memory_limit=33554432
[default] (debug): [EVM] Memory.ensure_context_capacity: Buffer already large enough, no expansion needed
[default] (debug): [EVM] Memory.ensure_context_capacity: Ensuring capacity, min_context_size=96, required_total_len=96, memory_limit=33554432
[default] (debug): [EVM] Memory.ensure_context_capacity: Buffer already large enough, no expansion needed
[default] (debug): [EVM] JumpTable.execute: Opcode 0x52 completed, gas_remaining=999999937
[default] (debug): [EVM] JumpTable.execute: Executing opcode 0x80 at pc=27, gas=999999937, stack_size=1
[default] (debug): [EVM] StackValidation.validate_stack_requirements: Validating stack, size=1, min_required=1, max_allowed=1023
[default] (debug): [EVM] StackValidation.validate_stack_requirements: Validation passed
[default] (debug): [EVM] JumpTable.execute: Consuming 3 gas for opcode 0x80
[default] (debug): [EVM] StackValidation.validateStackRequirements: Comptime validation passed, validating runtime stack_size=1, inputs=0, outputs=1
[default] (debug): [EVM] StackValidation.validateStackRequirements: Runtime validation passed, new_size=2
[default] (debug): [EVM] JumpTable.execute: Opcode 0x80 completed, gas_remaining=999999934
[default] (debug): [EVM] JumpTable.execute: Executing opcode 0x60 at pc=28, gas=999999934, stack_size=2
[default] (debug): [EVM] StackValidation.validate_stack_requirements: Validating stack, size=2, min_required=0, max_allowed=1023
[default] (debug): [EVM] StackValidation.validate_stack_requirements: Validation passed
[default] (debug): [EVM] JumpTable.execute: Consuming 3 gas for opcode 0x60
[default] (debug): [EVM] JumpTable.execute: Opcode 0x60 completed, gas_remaining=999999931
[default] (debug): [EVM] JumpTable.execute: Executing opcode 0x81 at pc=30, gas=999999931, stack_size=3
[default] (debug): [EVM] StackValidation.validate_stack_requirements: Validating stack, size=3, min_required=2, max_allowed=1023
[default] (debug): [EVM] StackValidation.validate_stack_requirements: Validation passed
[default] (debug): [EVM] JumpTable.execute: Consuming 3 gas for opcode 0x81
[default] (debug): [EVM] StackValidation.validateStackRequirements: Comptime validation passed, validating runtime stack_size=3, inputs=0, outputs=1
[default] (debug): [EVM] StackValidation.validateStackRequirements: Runtime validation passed, new_size=4
[default] (debug): [EVM] JumpTable.execute: Opcode 0x81 completed, gas_remaining=999999928
[default] (debug): [EVM] JumpTable.execute: Executing opcode 0x52 at pc=31, gas=999999928, stack_size=4
[default] (debug): [EVM] StackValidation.validate_stack_requirements: Validating stack, size=4, min_required=2, max_allowed=1024
[default] (debug): [EVM] StackValidation.validate_stack_requirements: Validation passed
[default] (debug): [EVM] JumpTable.execute: Consuming 3 gas for opcode 0x52
[default] (debug): [EVM] Memory.ensure_context_capacity: Ensuring capacity, min_context_size=160, required_total_len=160, memory_limit=33554432
[default] (debug): [EVM] Memory.ensure_context_capacity: Expanding buffer from 96 to 160 bytes
[default] (debug): [EVM] Memory.ensure_context_capacity: Expansion complete, old_words=3, new_words=5, words_added=2
[default] (debug): [EVM] Memory.ensure_context_capacity: Ensuring capacity, min_context_size=160, required_total_len=160, memory_limit=33554432
[default] (debug): [EVM] Memory.ensure_context_capacity: Buffer already large enough, no expansion needed
[default] (debug): [EVM] JumpTable.execute: Opcode 0x52 completed, gas_remaining=999999919
[default] (debug): [EVM] JumpTable.execute: Executing opcode 0x60 at pc=32, gas=999999919, stack_size=2
[default] (debug): [EVM] StackValidation.validate_stack_requirements: Validating stack, size=2, min_required=0, max_allowed=1023
[default] (debug): [EVM] StackValidation.validate_stack_requirements: Validation passed
[default] (debug): [EVM] JumpTable.execute: Consuming 3 gas for opcode 0x60
[default] (debug): [EVM] JumpTable.execute: Opcode 0x60 completed, gas_remaining=999999916
[default] (debug): [EVM] JumpTable.execute: Executing opcode 0x01 at pc=34, gas=999999916, stack_size=3
[default] (debug): [EVM] StackValidation.validate_stack_requirements: Validating stack, size=3, min_required=2, max_allowed=1024
[default] (debug): [EVM] StackValidation.validate_stack_requirements: Validation passed
[default] (debug): [EVM] JumpTable.execute: Consuming 3 gas for opcode 0x01
[default] (debug): [EVM] JumpTable.execute: Opcode 0x01 completed, gas_remaining=999999913
[default] (debug): [EVM] JumpTable.execute: Executing opcode 0x68 at pc=35, gas=999999913, stack_size=2
[default] (debug): [EVM] StackValidation.validate_stack_requirements: Validating stack, size=2, min_required=0, max_allowed=1023
[default] (debug): [EVM] StackValidation.validate_stack_requirements: Validation passed
[default] (debug): [EVM] JumpTable.execute: Consuming 3 gas for opcode 0x68
[default] (debug): [EVM] JumpTable.execute: Opcode 0x68 completed, gas_remaining=999999910
[default] (debug): [EVM] JumpTable.execute: Executing opcode 0x60 at pc=45, gas=999999910, stack_size=3
[default] (debug): [EVM] StackValidation.validate_stack_requirements: Validating stack, size=3, min_required=0, max_allowed=1023
[default] (debug): [EVM] StackValidation.validate_stack_requirements: Validation passed
[default] (debug): [EVM] JumpTable.execute: Consuming 3 gas for opcode 0x60
[default] (debug): [EVM] JumpTable.execute: Opcode 0x60 completed, gas_remaining=999999907
[default] (debug): [EVM] JumpTable.execute: Executing opcode 0x1b at pc=47, gas=999999907, stack_size=4
[default] (debug): [EVM] StackValidation.validate_stack_requirements: Validating stack, size=4, min_required=2, max_allowed=1024
[default] (debug): [EVM] StackValidation.validate_stack_requirements: Validation passed
[default] (debug): [EVM] JumpTable.execute: Consuming 3 gas for opcode 0x1b
[default] (debug): [EVM] JumpTable.execute: Opcode 0x1b completed, gas_remaining=999999904
[default] (debug): [EVM] JumpTable.execute: Executing opcode 0x81 at pc=48, gas=999999904, stack_size=3
[default] (debug): [EVM] StackValidation.validate_stack_requirements: Validating stack, size=3, min_required=2, max_allowed=1023
[default] (debug): [EVM] StackValidation.validate_stack_requirements: Validation passed
[default] (debug): [EVM] JumpTable.execute: Consuming 3 gas for opcode 0x81
[default] (debug): [EVM] StackValidation.validateStackRequirements: Comptime validation passed, validating runtime stack_size=3, inputs=0, outputs=1
[default] (debug): [EVM] StackValidation.validateStackRequirements: Runtime validation passed, new_size=4
[default] (debug): [EVM] JumpTable.execute: Opcode 0x81 completed, gas_remaining=999999901
[default] (debug): [EVM] JumpTable.execute: Executing opcode 0x52 at pc=49, gas=999999901, stack_size=4
[default] (debug): [EVM] StackValidation.validate_stack_requirements: Validating stack, size=4, min_required=2, max_allowed=1024
[default] (debug): [EVM] StackValidation.validate_stack_requirements: Validation passed
[default] (debug): [EVM] JumpTable.execute: Consuming 3 gas for opcode 0x52
[default] (debug): [EVM] Memory.ensure_context_capacity: Ensuring capacity, min_context_size=192, required_total_len=192, memory_limit=33554432
[default] (debug): [EVM] Memory.ensure_context_capacity: Expanding buffer from 160 to 192 bytes
[default] (debug): [EVM] Memory.ensure_context_capacity: Expansion complete, old_words=5, new_words=6, words_added=1
[default] (debug): [EVM] Memory.ensure_context_capacity: Ensuring capacity, min_context_size=192, required_total_len=192, memory_limit=33554432
[default] (debug): [EVM] Memory.ensure_context_capacity: Buffer already large enough, no expansion needed
[default] (debug): [EVM] JumpTable.execute: Opcode 0x52 completed, gas_remaining=999999895
[default] (debug): [EVM] JumpTable.execute: Executing opcode 0x50 at pc=50, gas=999999895, stack_size=2
[default] (debug): [EVM] StackValidation.validate_stack_requirements: Validating stack, size=2, min_required=1, max_allowed=1024
[default] (debug): [EVM] StackValidation.validate_stack_requirements: Validation passed
[default] (debug): [EVM] JumpTable.execute: Consuming 2 gas for opcode 0x50
[default] (debug): [EVM] JumpTable.execute: Opcode 0x50 completed, gas_remaining=999999893
[default] (debug): [EVM] JumpTable.execute: Executing opcode 0x60 at pc=51, gas=999999893, stack_size=1
[default] (debug): [EVM] StackValidation.validate_stack_requirements: Validating stack, size=1, min_required=0, max_allowed=1023
[default] (debug): [EVM] StackValidation.validate_stack_requirements: Validation passed
[default] (debug): [EVM] JumpTable.execute: Consuming 3 gas for opcode 0x60
[default] (debug): [EVM] JumpTable.execute: Opcode 0x60 completed, gas_remaining=999999890
[default] (debug): [EVM] JumpTable.execute: Executing opcode 0x51 at pc=53, gas=999999890, stack_size=2
[default] (debug): [EVM] StackValidation.validate_stack_requirements: Validating stack, size=2, min_required=1, max_allowed=1024
[default] (debug): [EVM] StackValidation.validate_stack_requirements: Validation passed
[default] (debug): [EVM] JumpTable.execute: Consuming 3 gas for opcode 0x51
[default] (debug): [EVM] Memory.ensure_context_capacity: Ensuring capacity, min_context_size=96, required_total_len=96, memory_limit=33554432
[default] (debug): [EVM] Memory.ensure_context_capacity: Buffer already large enough, no expansion needed
[default] (debug): [EVM] JumpTable.execute: Opcode 0x51 completed, gas_remaining=999999887
[default] (debug): [EVM] JumpTable.execute: Executing opcode 0x80 at pc=54, gas=999999887, stack_size=2
[default] (debug): [EVM] StackValidation.validate_stack_requirements: Validating stack, size=2, min_required=1, max_allowed=1023
[default] (debug): [EVM] StackValidation.validate_stack_requirements: Validation passed
[default] (debug): [EVM] JumpTable.execute: Consuming 3 gas for opcode 0x80
[default] (debug): [EVM] StackValidation.validateStackRequirements: Comptime validation passed, validating runtime stack_size=2, inputs=0, outputs=1
[default] (debug): [EVM] StackValidation.validateStackRequirements: Runtime validation passed, new_size=3
[default] (debug): [EVM] JumpTable.execute: Opcode 0x80 completed, gas_remaining=999999884
[default] (debug): [EVM] JumpTable.execute: Executing opcode 0x60 at pc=55, gas=999999884, stack_size=3
[default] (debug): [EVM] StackValidation.validate_stack_requirements: Validating stack, size=3, min_required=0, max_allowed=1023
[default] (debug): [EVM] StackValidation.validate_stack_requirements: Validation passed
[default] (debug): [EVM] JumpTable.execute: Consuming 3 gas for opcode 0x60
[default] (debug): [EVM] JumpTable.execute: Opcode 0x60 completed, gas_remaining=999999881
[default] (debug): [EVM] JumpTable.execute: Executing opcode 0x01 at pc=57, gas=999999881, stack_size=4
[default] (debug): [EVM] StackValidation.validate_stack_requirements: Validating stack, size=4, min_required=2, max_allowed=1024
[default] (debug): [EVM] StackValidation.validate_stack_requirements: Validation passed
[default] (debug): [EVM] JumpTable.execute: Consuming 3 gas for opcode 0x01
[default] (debug): [EVM] JumpTable.execute: Opcode 0x01 completed, gas_remaining=999999878
[default] (debug): [EVM] JumpTable.execute: Executing opcode 0x60 at pc=58, gas=999999878, stack_size=3
[default] (debug): [EVM] StackValidation.validate_stack_requirements: Validating stack, size=3, min_required=0, max_allowed=1023
[default] (debug): [EVM] StackValidation.validate_stack_requirements: Validation passed
[default] (debug): [EVM] JumpTable.execute: Consuming 3 gas for opcode 0x60
[default] (debug): [EVM] JumpTable.execute: Opcode 0x60 completed, gas_remaining=999999875
[default] (debug): [EVM] JumpTable.execute: Executing opcode 0x52 at pc=60, gas=999999875, stack_size=4
[default] (debug): [EVM] StackValidation.validate_stack_requirements: Validating stack, size=4, min_required=2, max_allowed=1024
[default] (debug): [EVM] StackValidation.validate_stack_requirements: Validation passed
[default] (debug): [EVM] JumpTable.execute: Consuming 3 gas for opcode 0x52
[default] (debug): [EVM] Memory.ensure_context_capacity: Ensuring capacity, min_context_size=96, required_total_len=96, memory_limit=33554432
[default] (debug): [EVM] Memory.ensure_context_capacity: Buffer already large enough, no expansion needed
[default] (debug): [EVM] Memory.ensure_context_capacity: Ensuring capacity, min_context_size=96, required_total_len=96, memory_limit=33554432
[default] (debug): [EVM] Memory.ensure_context_capacity: Buffer already large enough, no expansion needed
[default] (debug): [EVM] JumpTable.execute: Opcode 0x52 completed, gas_remaining=999999872
[default] (debug): [EVM] JumpTable.execute: Executing opcode 0x80 at pc=61, gas=999999872, stack_size=2
[default] (debug): [EVM] StackValidation.validate_stack_requirements: Validating stack, size=2, min_required=1, max_allowed=1023
[default] (debug): [EVM] StackValidation.validate_stack_requirements: Validation passed
[default] (debug): [EVM] JumpTable.execute: Consuming 3 gas for opcode 0x80
[default] (debug): [EVM] StackValidation.validateStackRequirements: Comptime validation passed, validating runtime stack_size=2, inputs=0, outputs=1
[default] (debug): [EVM] StackValidation.validateStackRequirements: Runtime validation passed, new_size=3
[default] (debug): [EVM] JumpTable.execute: Opcode 0x80 completed, gas_remaining=999999869
[default] (debug): [EVM] JumpTable.execute: Executing opcode 0x60 at pc=62, gas=999999869, stack_size=3
[default] (debug): [EVM] StackValidation.validate_stack_requirements: Validating stack, size=3, min_required=0, max_allowed=1023
[default] (debug): [EVM] StackValidation.validate_stack_requirements: Validation passed
[default] (debug): [EVM] JumpTable.execute: Consuming 3 gas for opcode 0x60
[default] (debug): [EVM] JumpTable.execute: Opcode 0x60 completed, gas_remaining=999999866
[default] (debug): [EVM] JumpTable.execute: Executing opcode 0x81 at pc=64, gas=999999866, stack_size=4
[default] (debug): [EVM] StackValidation.validate_stack_requirements: Validating stack, size=4, min_required=2, max_allowed=1023
[default] (debug): [EVM] StackValidation.validate_stack_requirements: Validation passed
[default] (debug): [EVM] JumpTable.execute: Consuming 3 gas for opcode 0x81
[default] (debug): [EVM] StackValidation.validateStackRequirements: Comptime validation passed, validating runtime stack_size=4, inputs=0, outputs=1
[default] (debug): [EVM] StackValidation.validateStackRequirements: Runtime validation passed, new_size=5
[default] (debug): [EVM] JumpTable.execute: Opcode 0x81 completed, gas_remaining=999999863
[default] (debug): [EVM] JumpTable.execute: Executing opcode 0x52 at pc=65, gas=999999863, stack_size=5
[default] (debug): [EVM] StackValidation.validate_stack_requirements: Validating stack, size=5, min_required=2, max_allowed=1024
[default] (debug): [EVM] StackValidation.validate_stack_requirements: Validation passed
[default] (debug): [EVM] JumpTable.execute: Consuming 3 gas for opcode 0x52
[default] (debug): [EVM] Memory.ensure_context_capacity: Ensuring capacity, min_context_size=224, required_total_len=224, memory_limit=33554432
[default] (debug): [EVM] Memory.ensure_context_capacity: Expanding buffer from 192 to 224 bytes
[default] (debug): [EVM] Memory.ensure_context_capacity: Expansion complete, old_words=6, new_words=7, words_added=1
[default] (debug): [EVM] Memory.ensure_context_capacity: Ensuring capacity, min_context_size=224, required_total_len=224, memory_limit=33554432
[default] (debug): [EVM] Memory.ensure_context_capacity: Buffer already large enough, no expansion needed
[default] (debug): [EVM] JumpTable.execute: Opcode 0x52 completed, gas_remaining=999999857
[default] (debug): [EVM] JumpTable.execute: Executing opcode 0x60 at pc=66, gas=999999857, stack_size=3
[default] (debug): [EVM] StackValidation.validate_stack_requirements: Validating stack, size=3, min_required=0, max_allowed=1023
[default] (debug): [EVM] StackValidation.validate_stack_requirements: Validation passed
[default] (debug): [EVM] JumpTable.execute: Consuming 3 gas for opcode 0x60
[default] (debug): [EVM] JumpTable.execute: Opcode 0x60 completed, gas_remaining=999999854
[default] (debug): [EVM] JumpTable.execute: Executing opcode 0x01 at pc=68, gas=999999854, stack_size=4
[default] (debug): [EVM] StackValidation.validate_stack_requirements: Validating stack, size=4, min_required=2, max_allowed=1024
[default] (debug): [EVM] StackValidation.validate_stack_requirements: Validation passed
[default] (debug): [EVM] JumpTable.execute: Consuming 3 gas for opcode 0x01
[default] (debug): [EVM] JumpTable.execute: Opcode 0x01 completed, gas_remaining=999999851
[default] (debug): [EVM] JumpTable.execute: Executing opcode 0x63 at pc=69, gas=999999851, stack_size=3
[default] (debug): [EVM] StackValidation.validate_stack_requirements: Validating stack, size=3, min_required=0, max_allowed=1023
[default] (debug): [EVM] StackValidation.validate_stack_requirements: Validation passed
[default] (debug): [EVM] JumpTable.execute: Consuming 3 gas for opcode 0x63
[default] (debug): [EVM] JumpTable.execute: Opcode 0x63 completed, gas_remaining=999999848
[default] (debug): [EVM] JumpTable.execute: Executing opcode 0x60 at pc=74, gas=999999848, stack_size=4
[default] (debug): [EVM] StackValidation.validate_stack_requirements: Validating stack, size=4, min_required=0, max_allowed=1023
[default] (debug): [EVM] StackValidation.validate_stack_requirements: Validation passed
[default] (debug): [EVM] JumpTable.execute: Consuming 3 gas for opcode 0x60
[default] (debug): [EVM] JumpTable.execute: Opcode 0x60 completed, gas_remaining=999999845
[default] (debug): [EVM] JumpTable.execute: Executing opcode 0x1b at pc=76, gas=999999845, stack_size=5
[default] (debug): [EVM] StackValidation.validate_stack_requirements: Validating stack, size=5, min_required=2, max_allowed=1024
[default] (debug): [EVM] StackValidation.validate_stack_requirements: Validation passed
[default] (debug): [EVM] JumpTable.execute: Consuming 3 gas for opcode 0x1b
[default] (debug): [EVM] JumpTable.execute: Opcode 0x1b completed, gas_remaining=999999842
[default] (debug): [EVM] JumpTable.execute: Executing opcode 0x81 at pc=77, gas=999999842, stack_size=4
[default] (debug): [EVM] StackValidation.validate_stack_requirements: Validating stack, size=4, min_required=2, max_allowed=1023
[default] (debug): [EVM] StackValidation.validate_stack_requirements: Validation passed
[default] (debug): [EVM] JumpTable.execute: Consuming 3 gas for opcode 0x81
[default] (debug): [EVM] StackValidation.validateStackRequirements: Comptime validation passed, validating runtime stack_size=4, inputs=0, outputs=1
[default] (debug): [EVM] StackValidation.validateStackRequirements: Runtime validation passed, new_size=5
[default] (debug): [EVM] JumpTable.execute: Opcode 0x81 completed, gas_remaining=999999839
[default] (debug): [EVM] JumpTable.execute: Executing opcode 0x52 at pc=78, gas=999999839, stack_size=5
[default] (debug): [EVM] StackValidation.validate_stack_requirements: Validating stack, size=5, min_required=2, max_allowed=1024
[default] (debug): [EVM] StackValidation.validate_stack_requirements: Validation passed
[default] (debug): [EVM] JumpTable.execute: Consuming 3 gas for opcode 0x52
[default] (debug): [EVM] Memory.ensure_context_capacity: Ensuring capacity, min_context_size=256, required_total_len=256, memory_limit=33554432
[default] (debug): [EVM] Memory.ensure_context_capacity: Expanding buffer from 224 to 256 bytes
[default] (debug): [EVM] Memory.ensure_context_capacity: Expansion complete, old_words=7, new_words=8, words_added=1
[default] (debug): [EVM] Memory.ensure_context_capacity: Ensuring capacity, min_context_size=256, required_total_len=256, memory_limit=33554432
[default] (debug): [EVM] Memory.ensure_context_capacity: Buffer already large enough, no expansion needed
[default] (debug): [EVM] JumpTable.execute: Opcode 0x52 completed, gas_remaining=999999833
[default] (debug): [EVM] JumpTable.execute: Executing opcode 0x50 at pc=79, gas=999999833, stack_size=3
[default] (debug): [EVM] StackValidation.validate_stack_requirements: Validating stack, size=3, min_required=1, max_allowed=1024
[default] (debug): [EVM] StackValidation.validate_stack_requirements: Validation passed
[default] (debug): [EVM] JumpTable.execute: Consuming 2 gas for opcode 0x50
[default] (debug): [EVM] JumpTable.execute: Opcode 0x50 completed, gas_remaining=999999831
[default] (debug): [EVM] JumpTable.execute: Executing opcode 0x81 at pc=80, gas=999999831, stack_size=2
[default] (debug): [EVM] StackValidation.validate_stack_requirements: Validating stack, size=2, min_required=2, max_allowed=1023
[default] (debug): [EVM] StackValidation.validate_stack_requirements: Validation passed
[default] (debug): [EVM] JumpTable.execute: Consuming 3 gas for opcode 0x81
[default] (debug): [EVM] StackValidation.validateStackRequirements: Comptime validation passed, validating runtime stack_size=2, inputs=0, outputs=1
[default] (debug): [EVM] StackValidation.validateStackRequirements: Runtime validation passed, new_size=3
[default] (debug): [EVM] JumpTable.execute: Opcode 0x81 completed, gas_remaining=999999828
[default] (debug): [EVM] JumpTable.execute: Executing opcode 0x60 at pc=81, gas=999999828, stack_size=3
[default] (debug): [EVM] StackValidation.validate_stack_requirements: Validating stack, size=3, min_required=0, max_allowed=1023
[default] (debug): [EVM] StackValidation.validate_stack_requirements: Validation passed
[default] (debug): [EVM] JumpTable.execute: Consuming 3 gas for opcode 0x60
[default] (debug): [EVM] JumpTable.execute: Opcode 0x60 completed, gas_remaining=999999825
[default] (debug): [EVM] JumpTable.execute: Executing opcode 0x90 at pc=83, gas=999999825, stack_size=4
[default] (debug): [EVM] StackValidation.validate_stack_requirements: Validating stack, size=4, min_required=2, max_allowed=1024
[default] (debug): [EVM] StackValidation.validate_stack_requirements: Validation passed
[default] (debug): [EVM] JumpTable.execute: Consuming 3 gas for opcode 0x90
[default] (debug): [EVM] JumpTable.execute: Opcode 0x90 completed, gas_remaining=999999822
[default] (debug): [EVM] JumpTable.execute: Executing opcode 0x81 at pc=84, gas=999999822, stack_size=4
[default] (debug): [EVM] StackValidation.validate_stack_requirements: Validating stack, size=4, min_required=2, max_allowed=1023
[default] (debug): [EVM] StackValidation.validate_stack_requirements: Validation passed
[default] (debug): [EVM] JumpTable.execute: Consuming 3 gas for opcode 0x81
[default] (debug): [EVM] StackValidation.validateStackRequirements: Comptime validation passed, validating runtime stack_size=4, inputs=0, outputs=1
[default] (debug): [EVM] StackValidation.validateStackRequirements: Runtime validation passed, new_size=5
[default] (debug): [EVM] JumpTable.execute: Opcode 0x81 completed, gas_remaining=999999819
[default] (debug): [EVM] JumpTable.execute: Executing opcode 0x61 at pc=85, gas=999999819, stack_size=5
[default] (debug): [EVM] StackValidation.validate_stack_requirements: Validating stack, size=5, min_required=0, max_allowed=1023
[default] (debug): [EVM] StackValidation.validate_stack_requirements: Validation passed
[default] (debug): [EVM] JumpTable.execute: Consuming 3 gas for opcode 0x61
[default] (debug): [EVM] JumpTable.execute: Opcode 0x61 completed, gas_remaining=999999816
[default] (debug): [EVM] JumpTable.execute: Executing opcode 0x91 at pc=88, gas=999999816, stack_size=6
[default] (debug): [EVM] StackValidation.validate_stack_requirements: Validating stack, size=6, min_required=3, max_allowed=1024
[default] (debug): [EVM] StackValidation.validate_stack_requirements: Validation passed
[default] (debug): [EVM] JumpTable.execute: Consuming 3 gas for opcode 0x91
[default] (debug): [EVM] JumpTable.execute: Opcode 0x91 completed, gas_remaining=999999813
[default] (debug): [EVM] JumpTable.execute: Executing opcode 0x90 at pc=89, gas=999999813, stack_size=6
[default] (debug): [EVM] StackValidation.validate_stack_requirements: Validating stack, size=6, min_required=2, max_allowed=1024
[default] (debug): [EVM] StackValidation.validate_stack_requirements: Validation passed
[default] (debug): [EVM] JumpTable.execute: Consuming 3 gas for opcode 0x90
[default] (debug): [EVM] JumpTable.execute: Opcode 0x90 completed, gas_remaining=999999810
[default] (debug): [EVM] JumpTable.execute: Executing opcode 0x61 at pc=90, gas=999999810, stack_size=6
[default] (debug): [EVM] StackValidation.validate_stack_requirements: Validating stack, size=6, min_required=0, max_allowed=1023
[default] (debug): [EVM] StackValidation.validate_stack_requirements: Validation passed
[default] (debug): [EVM] JumpTable.execute: Consuming 3 gas for opcode 0x61
[default] (debug): [EVM] JumpTable.execute: Opcode 0x61 completed, gas_remaining=999999807
[default] (debug): [EVM] JumpTable.execute: Executing opcode 0x56 at pc=93, gas=999999807, stack_size=7
[default] (debug): [EVM] StackValidation.validate_stack_requirements: Validating stack, size=7, min_required=1, max_allowed=1024
[default] (debug): [EVM] StackValidation.validate_stack_requirements: Validation passed
[default] (debug): [EVM] JumpTable.execute: Consuming 8 gas for opcode 0x56
[default] (debug): [EVM] JumpTable.execute: Opcode 0x56 completed, gas_remaining=999999799
[default] (debug): [EVM] JumpTable.execute: Executing opcode 0x5b at pc=267, gas=999999799, stack_size=6
[default] (debug): [EVM] StackValidation.validate_stack_requirements: Validating stack, size=6, min_required=0, max_allowed=1024
[default] (debug): [EVM] StackValidation.validate_stack_requirements: Validation passed
[default] (debug): [EVM] JumpTable.execute: Consuming 1 gas for opcode 0x5b
[default] (debug): [EVM] JumpTable.execute: Opcode 0x5b completed, gas_remaining=999999798
[default] (debug): [EVM] JumpTable.execute: Executing opcode 0x81 at pc=268, gas=999999798, stack_size=6
[default] (debug): [EVM] StackValidation.validate_stack_requirements: Validating stack, size=6, min_required=2, max_allowed=1023
[default] (debug): [EVM] StackValidation.validate_stack_requirements: Validation passed
[default] (debug): [EVM] JumpTable.execute: Consuming 3 gas for opcode 0x81
[default] (debug): [EVM] StackValidation.validateStackRequirements: Comptime validation passed, validating runtime stack_size=6, inputs=0, outputs=1
[default] (debug): [EVM] StackValidation.validateStackRequirements: Runtime validation passed, new_size=7
[default] (debug): [EVM] JumpTable.execute: Opcode 0x81 completed, gas_remaining=999999795
[default] (debug): [EVM] JumpTable.execute: Executing opcode 0x51 at pc=269, gas=999999795, stack_size=7
[default] (debug): [EVM] StackValidation.validate_stack_requirements: Validating stack, size=7, min_required=1, max_allowed=1024
[default] (debug): [EVM] StackValidation.validate_stack_requirements: Validation passed
[default] (debug): [EVM] JumpTable.execute: Consuming 3 gas for opcode 0x51
[default] (debug): [EVM] Memory.ensure_context_capacity: Ensuring capacity, min_context_size=160, required_total_len=160, memory_limit=33554432
[default] (debug): [EVM] Memory.ensure_context_capacity: Buffer already large enough, no expansion needed
[default] (debug): [EVM] JumpTable.execute: Opcode 0x51 completed, gas_remaining=999999792
[default] (debug): [EVM] JumpTable.execute: Executing opcode 0x60 at pc=270, gas=999999792, stack_size=7
[default] (debug): [EVM] StackValidation.validate_stack_requirements: Validating stack, size=7, min_required=0, max_allowed=1023
[default] (debug): [EVM] StackValidation.validate_stack_requirements: Validation passed
[default] (debug): [EVM] JumpTable.execute: Consuming 3 gas for opcode 0x60
[default] (debug): [EVM] JumpTable.execute: Opcode 0x60 completed, gas_remaining=999999789
[default] (debug): [EVM] JumpTable.execute: Executing opcode 0x60 at pc=272, gas=999999789, stack_size=8
[default] (debug): [EVM] StackValidation.validate_stack_requirements: Validating stack, size=8, min_required=0, max_allowed=1023
[default] (debug): [EVM] StackValidation.validate_stack_requirements: Validation passed
[default] (debug): [EVM] JumpTable.execute: Consuming 3 gas for opcode 0x60
[default] (debug): [EVM] JumpTable.execute: Opcode 0x60 completed, gas_remaining=999999786
[default] (debug): [EVM] JumpTable.execute: Executing opcode 0x60 at pc=274, gas=999999786, stack_size=9
[default] (debug): [EVM] StackValidation.validate_stack_requirements: Validating stack, size=9, min_required=0, max_allowed=1023
[default] (debug): [EVM] StackValidation.validate_stack_requirements: Validation passed
[default] (debug): [EVM] JumpTable.execute: Consuming 3 gas for opcode 0x60
[default] (debug): [EVM] JumpTable.execute: Opcode 0x60 completed, gas_remaining=999999783
[default] (debug): [EVM] JumpTable.execute: Executing opcode 0x1b at pc=276, gas=999999783, stack_size=10
[default] (debug): [EVM] StackValidation.validate_stack_requirements: Validating stack, size=10, min_required=2, max_allowed=1024
[default] (debug): [EVM] StackValidation.validate_stack_requirements: Validation passed
[default] (debug): [EVM] JumpTable.execute: Consuming 3 gas for opcode 0x1b
[default] (debug): [EVM] JumpTable.execute: Opcode 0x1b completed, gas_remaining=999999780
[default] (debug): [EVM] JumpTable.execute: Executing opcode 0x03 at pc=277, gas=999999780, stack_size=9
[default] (debug): [EVM] StackValidation.validate_stack_requirements: Validating stack, size=9, min_required=2, max_allowed=1024
[default] (debug): [EVM] StackValidation.validate_stack_requirements: Validation passed
[default] (debug): [EVM] JumpTable.execute: Consuming 3 gas for opcode 0x03
[default] (debug): [EVM] JumpTable.execute: Opcode 0x03 completed, gas_remaining=999999777
[default] (debug): [EVM] JumpTable.execute: Executing opcode 0x81 at pc=278, gas=999999777, stack_size=8
[default] (debug): [EVM] StackValidation.validate_stack_requirements: Validating stack, size=8, min_required=2, max_allowed=1023
[default] (debug): [EVM] StackValidation.validate_stack_requirements: Validation passed
[default] (debug): [EVM] JumpTable.execute: Consuming 3 gas for opcode 0x81
[default] (debug): [EVM] StackValidation.validateStackRequirements: Comptime validation passed, validating runtime stack_size=8, inputs=0, outputs=1
[default] (debug): [EVM] StackValidation.validateStackRequirements: Runtime validation passed, new_size=9
[default] (debug): [EVM] JumpTable.execute: Opcode 0x81 completed, gas_remaining=999999774
[default] (debug): [EVM] JumpTable.execute: Executing opcode 0x11 at pc=279, gas=999999774, stack_size=9
[default] (debug): [EVM] StackValidation.validate_stack_requirements: Validating stack, size=9, min_required=2, max_allowed=1024
[default] (debug): [EVM] StackValidation.validate_stack_requirements: Validation passed
[default] (debug): [EVM] JumpTable.execute: Consuming 3 gas for opcode 0x11
[default] (debug): [EVM] JumpTable.execute: Opcode 0x11 completed, gas_remaining=999999771
[default] (debug): [EVM] JumpTable.execute: Executing opcode 0x15 at pc=280, gas=999999771, stack_size=8
[default] (debug): [EVM] StackValidation.validate_stack_requirements: Validating stack, size=8, min_required=1, max_allowed=1024
[default] (debug): [EVM] StackValidation.validate_stack_requirements: Validation passed
[default] (debug): [EVM] JumpTable.execute: Consuming 3 gas for opcode 0x15
[default] (debug): [EVM] JumpTable.execute: Opcode 0x15 completed, gas_remaining=999999768
[default] (debug): [EVM] JumpTable.execute: Executing opcode 0x61 at pc=281, gas=999999768, stack_size=8
[default] (debug): [EVM] StackValidation.validate_stack_requirements: Validating stack, size=8, min_required=0, max_allowed=1023
[default] (debug): [EVM] StackValidation.validate_stack_requirements: Validation passed
[default] (debug): [EVM] JumpTable.execute: Consuming 3 gas for opcode 0x61
[default] (debug): [EVM] JumpTable.execute: Opcode 0x61 completed, gas_remaining=999999765
[default] (debug): [EVM] JumpTable.execute: Executing opcode 0x57 at pc=284, gas=999999765, stack_size=9
[default] (debug): [EVM] StackValidation.validate_stack_requirements: Validating stack, size=9, min_required=2, max_allowed=1024
[default] (debug): [EVM] StackValidation.validate_stack_requirements: Validation passed
[default] (debug): [EVM] JumpTable.execute: Consuming 10 gas for opcode 0x57
[default] (debug): [EVM] JumpTable.execute: Opcode 0x57 completed, gas_remaining=999999755
[default] (debug): [EVM] JumpTable.execute: Executing opcode 0x61 at pc=285, gas=999999755, stack_size=7
[default] (debug): [EVM] StackValidation.validate_stack_requirements: Validating stack, size=7, min_required=0, max_allowed=1023
[default] (debug): [EVM] StackValidation.validate_stack_requirements: Validation passed
[default] (debug): [EVM] JumpTable.execute: Consuming 3 gas for opcode 0x61
[default] (debug): [EVM] JumpTable.execute: Opcode 0x61 completed, gas_remaining=999999752
[default] (debug): [EVM] JumpTable.execute: Executing opcode 0x61 at pc=288, gas=999999752, stack_size=8
[default] (debug): [EVM] StackValidation.validate_stack_requirements: Validating stack, size=8, min_required=0, max_allowed=1023
[default] (debug): [EVM] StackValidation.validate_stack_requirements: Validation passed
[default] (debug): [EVM] JumpTable.execute: Consuming 3 gas for opcode 0x61
[default] (debug): [EVM] JumpTable.execute: Opcode 0x61 completed, gas_remaining=999999749
[default] (debug): [EVM] JumpTable.execute: Executing opcode 0x56 at pc=291, gas=999999749, stack_size=9
[default] (debug): [EVM] StackValidation.validate_stack_requirements: Validating stack, size=9, min_required=1, max_allowed=1024
[default] (debug): [EVM] StackValidation.validate_stack_requirements: Validation passed
[default] (debug): [EVM] JumpTable.execute: Consuming 8 gas for opcode 0x56
[default] (debug): [EVM] JumpTable.execute: Opcode 0x56 completed, gas_remaining=999999741
[default] (debug): [EVM] JumpTable.execute: Executing opcode 0x5b at pc=115, gas=999999741, stack_size=8
[default] (debug): [EVM] StackValidation.validate_stack_requirements: Validating stack, size=8, min_required=0, max_allowed=1024
[default] (debug): [EVM] StackValidation.validate_stack_requirements: Validation passed
[default] (debug): [EVM] JumpTable.execute: Consuming 1 gas for opcode 0x5b
[default] (debug): [EVM] JumpTable.execute: Opcode 0x5b completed, gas_remaining=999999740
[default] (debug): [EVM] JumpTable.execute: Executing opcode 0x63 at pc=116, gas=999999740, stack_size=8
[default] (debug): [EVM] StackValidation.validate_stack_requirements: Validating stack, size=8, min_required=0, max_allowed=1023
[default] (debug): [EVM] StackValidation.validate_stack_requirements: Validation passed
[default] (debug): [EVM] JumpTable.execute: Consuming 3 gas for opcode 0x63
[default] (debug): [EVM] JumpTable.execute: Opcode 0x63 completed, gas_remaining=999999737
[default] (debug): [EVM] JumpTable.execute: Executing opcode 0x60 at pc=121, gas=999999737, stack_size=9
[default] (debug): [EVM] StackValidation.validate_stack_requirements: Validating stack, size=9, min_required=0, max_allowed=1023
[default] (debug): [EVM] StackValidation.validate_stack_requirements: Validation passed
[default] (debug): [EVM] JumpTable.execute: Consuming 3 gas for opcode 0x60
[default] (debug): [EVM] JumpTable.execute: Opcode 0x60 completed, gas_remaining=999999734
[default] (debug): [EVM] JumpTable.execute: Executing opcode 0x1b at pc=123, gas=999999734, stack_size=10
[default] (debug): [EVM] StackValidation.validate_stack_requirements: Validating stack, size=10, min_required=2, max_allowed=1024
[default] (debug): [EVM] StackValidation.validate_stack_requirements: Validation passed
[default] (debug): [EVM] JumpTable.execute: Consuming 3 gas for opcode 0x1b
[default] (debug): [EVM] JumpTable.execute: Opcode 0x1b completed, gas_remaining=999999731
[default] (debug): [EVM] JumpTable.execute: Executing opcode 0x5f at pc=124, gas=999999731, stack_size=9
[default] (debug): [EVM] StackValidation.validate_stack_requirements: Validating stack, size=9, min_required=0, max_allowed=1023
[default] (debug): [EVM] StackValidation.validate_stack_requirements: Validation passed
[default] (debug): [EVM] JumpTable.execute: Consuming 2 gas for opcode 0x5f
[default] (debug): [EVM] StackValidation.validateStackRequirements: Comptime validation passed, validating runtime stack_size=9, inputs=0, outputs=1
[default] (debug): [EVM] StackValidation.validateStackRequirements: Runtime validation passed, new_size=10
[default] (debug): [EVM] JumpTable.execute: Opcode 0x5f completed, gas_remaining=999999729
[default] (debug): [EVM] JumpTable.execute: Executing opcode 0x52 at pc=125, gas=999999729, stack_size=10
[default] (debug): [EVM] StackValidation.validate_stack_requirements: Validating stack, size=10, min_required=2, max_allowed=1024
[default] (debug): [EVM] StackValidation.validate_stack_requirements: Validation passed
[default] (debug): [EVM] JumpTable.execute: Consuming 3 gas for opcode 0x52
[default] (debug): [EVM] Memory.ensure_context_capacity: Ensuring capacity, min_context_size=32, required_total_len=32, memory_limit=33554432
[default] (debug): [EVM] Memory.ensure_context_capacity: Buffer already large enough, no expansion needed
[default] (debug): [EVM] Memory.ensure_context_capacity: Ensuring capacity, min_context_size=32, required_total_len=32, memory_limit=33554432
[default] (debug): [EVM] Memory.ensure_context_capacity: Buffer already large enough, no expansion needed
[default] (debug): [EVM] JumpTable.execute: Opcode 0x52 completed, gas_remaining=999999726
[default] (debug): [EVM] JumpTable.execute: Executing opcode 0x60 at pc=126, gas=999999726, stack_size=8
[default] (debug): [EVM] StackValidation.validate_stack_requirements: Validating stack, size=8, min_required=0, max_allowed=1023
[default] (debug): [EVM] StackValidation.validate_stack_requirements: Validation passed
[default] (debug): [EVM] JumpTable.execute: Consuming 3 gas for opcode 0x60
[default] (debug): [EVM] JumpTable.execute: Opcode 0x60 completed, gas_remaining=999999723
[default] (debug): [EVM] JumpTable.execute: Executing opcode 0x60 at pc=128, gas=999999723, stack_size=9
[default] (debug): [EVM] StackValidation.validate_stack_requirements: Validating stack, size=9, min_required=0, max_allowed=1023
[default] (debug): [EVM] StackValidation.validate_stack_requirements: Validation passed
[default] (debug): [EVM] JumpTable.execute: Consuming 3 gas for opcode 0x60
[default] (debug): [EVM] JumpTable.execute: Opcode 0x60 completed, gas_remaining=999999720
[default] (debug): [EVM] JumpTable.execute: Executing opcode 0x52 at pc=130, gas=999999720, stack_size=10
[default] (debug): [EVM] StackValidation.validate_stack_requirements: Validating stack, size=10, min_required=2, max_allowed=1024
[default] (debug): [EVM] StackValidation.validate_stack_requirements: Validation passed
[default] (debug): [EVM] JumpTable.execute: Consuming 3 gas for opcode 0x52
[default] (debug): [EVM] Memory.ensure_context_capacity: Ensuring capacity, min_context_size=64, required_total_len=64, memory_limit=33554432
[default] (debug): [EVM] Memory.ensure_context_capacity: Buffer already large enough, no expansion needed
[default] (debug): [EVM] Memory.ensure_context_capacity: Ensuring capacity, min_context_size=36, required_total_len=36, memory_limit=33554432
[default] (debug): [EVM] Memory.ensure_context_capacity: Buffer already large enough, no expansion needed
[default] (debug): [EVM] JumpTable.execute: Opcode 0x52 completed, gas_remaining=999999717
[default] (debug): [EVM] JumpTable.execute: Executing opcode 0x60 at pc=131, gas=999999717, stack_size=8
[default] (debug): [EVM] StackValidation.validate_stack_requirements: Validating stack, size=8, min_required=0, max_allowed=1023
[default] (debug): [EVM] StackValidation.validate_stack_requirements: Validation passed
[default] (debug): [EVM] JumpTable.execute: Consuming 3 gas for opcode 0x60
[default] (debug): [EVM] JumpTable.execute: Opcode 0x60 completed, gas_remaining=999999714
[default] (debug): [EVM] JumpTable.execute: Executing opcode 0x5f at pc=133, gas=999999714, stack_size=9
[default] (debug): [EVM] StackValidation.validate_stack_requirements: Validating stack, size=9, min_required=0, max_allowed=1023
[default] (debug): [EVM] StackValidation.validate_stack_requirements: Validation passed
[default] (debug): [EVM] JumpTable.execute: Consuming 2 gas for opcode 0x5f
[default] (debug): [EVM] StackValidation.validateStackRequirements: Comptime validation passed, validating runtime stack_size=9, inputs=0, outputs=1
[default] (debug): [EVM] StackValidation.validateStackRequirements: Runtime validation passed, new_size=10
[default] (debug): [EVM] JumpTable.execute: Opcode 0x5f completed, gas_remaining=999999712
[default] (debug): [EVM] JumpTable.execute: Executing opcode 0xfd at pc=134, gas=999999712, stack_size=10
[default] (debug): [EVM] StackValidation.validate_stack_requirements: Validating stack, size=10, min_required=2, max_allowed=1024
[default] (debug): [EVM] StackValidation.validate_stack_requirements: Validation passed
[default] (debug): [EVM] Memory.ensure_context_capacity: Ensuring capacity, min_context_size=36, required_total_len=36, memory_limit=33554432
[default] (debug): [EVM] Memory.ensure_context_capacity: Buffer already large enough, no expansion needed
[default] (debug): [EVM] VM.interpret_with_context: Error occurred: error.REVERT, output_size=36
[default] (debug): [EVM] VM.interpret_with_context: Duplicated output, size=36
[default] (debug): [EVM] create_contract_internal: Init code execution completed: status=evm.run_result.Status.Revert, gas_used=288, output_size=36, output_ptr={ 78, 72, 123, 113, 0, 0, 0, 0, 0, 0, 0, 0, 0, 0, 0, 0, 0, 0, 0, 0, 0, 0, 0, 0, 0, 0, 0, 0, 0, 0, 0, 0, 0, 0, 0, 65 }
[default] (debug): [EVM] create_contract_internal: Init code reverted, contract creation failed
[default] (err): Deployment failed - gas_left: 999999712, success: false
[default] (debug): [EVM] EvmState.deinit: Cleaning up EVM state, logs_count=0
[default] (debug): [EVM] EvmState.deinit: EVM state cleanup complete
/opt/homebrew/Cellar/zig/0.14.1/lib/zig/std/testing.zig:580:14: 0x10417716f in expect (erc20-mint-debug-test)
    if (!ok) return error.TestUnexpectedResult;
             ^
/Users/williamcory/guillotine-0/test/evm/erc20_mint_debug_test.zig:67:9: 0x10417786f in test.debug: erc20.mint with full logging (erc20-mint-debug-test)
        try testing.expect(false);
        ^
error: while executing test 'erc20_mint_debug_test.test.debug: erc20.mint with full logging', the following test command failed:
/Users/williamcory/guillotine-0/.zig-cache/o/a626940426109ff7029fcf542ffb4742/erc20-mint-debug-test --seed=0xc9bb9f01 --cache-dir=/Users/williamcory/guillotine-0/.zig-cache --listen=- 
Build Summary: 13/15 steps succeeded; 1 failed; 1/2 tests passed; 1 failed
test-erc20-debug transitive failure
+- run erc20-mint-debug-test 1/2 passed, 1 failed
error: the following build command failed with exit code 1:
/Users/williamcory/guillotine-0/.zig-cache/o/618bdc2cea3eda2c42f6593e4d53385a/build /opt/homebrew/Cellar/zig/0.14.1/bin/zig /opt/homebrew/Cellar/zig/0.14.1/lib/zig /Users/williamcory/guillotine-0 /Users/williamcory/guillotine-0/.zig-cache /Users/williamcory/.cache/zig --seed 0xc9bb9f01 -Z5eb6f30572418651 test-erc20-debug
